<?xml version="1.0" encoding="UTF-8"?>
<!-- Generated by org.testng.reporters.JUnitXMLReporter -->
<testsuite ignored="0" hostname="DESKTOP-GRE8QJG" failures="1" tests="1" name="Test1" time="8.162" errors="0" timestamp="2022-02-13T19:23:04 IST">
  <testcase classname="e2EProject.FilterSearchTestCase" name="BusCount" time="0.007">
    <failure type="java.lang.NullPointerException" message="Cannot invoke &amp;quot;com.aventstack.extentreports.ExtentReports.createTest(String)&amp;quot; because &amp;quot;this.extent&amp;quot; is null">
      <![CDATA[java.lang.NullPointerException: Cannot invoke "com.aventstack.extentreports.ExtentReports.createTest(String)" because "this.extent" is null
at e2EProject.FilterSearchTestCase.BusCount(FilterSearchTestCase.java:19)
at java.base/java.util.ArrayList.forEach(ArrayList.java:1511)
... Removed 27 stack frames]]>
    </failure>
  </testcase> <!-- BusCount -->
</testsuite> <!-- Test1 -->
