<?xml version="1.0" encoding="UTF-8"?>
<!-- Generated by org.testng.reporters.JUnitXMLReporter -->
<testsuite ignored="8" hostname="DESKTOP-GRE8QJG" failures="2" tests="3" name="Test" time="19.623" errors="0" timestamp="2022-02-13T19:10:31 IST">
  <testcase classname="e2EProject.BothDOJDORTestCase" name="DOJDOR" time="19.102"/>
  <testcase classname="e2EProject.HomePageTestCase" name="pageinvok" time="0.003">
    <failure type="java.lang.NullPointerException" message="Cannot invoke &amp;quot;com.aventstack.extentreports.ExtentReports.createTest(String)&amp;quot; because &amp;quot;this.extent&amp;quot; is null">
      <![CDATA[java.lang.NullPointerException: Cannot invoke "com.aventstack.extentreports.ExtentReports.createTest(String)" because "this.extent" is null
at e2EProject.HomePageTestCase.pageinvok(HomePageTestCase.java:29)
at java.base/java.util.ArrayList.forEach(ArrayList.java:1511)
... Removed 27 stack frames]]>
    </failure>
  </testcase> <!-- pageinvok -->
  <testcase classname="e2EProject.FilterSearchTestCase" name="BusCount" time="0.012">
    <failure type="java.lang.NullPointerException" message="Cannot invoke &amp;quot;com.aventstack.extentreports.ExtentReports.createTest(String)&amp;quot; because &amp;quot;this.extent&amp;quot; is null">
      <![CDATA[java.lang.NullPointerException: Cannot invoke "com.aventstack.extentreports.ExtentReports.createTest(String)" because "this.extent" is null
at e2EProject.FilterSearchTestCase.BusCount(FilterSearchTestCase.java:19)
at java.base/java.util.ArrayList.forEach(ArrayList.java:1511)
... Removed 27 stack frames]]>
    </failure>
  </testcase> <!-- BusCount -->
  <testcase classname="E2EProject.BrowseOpen" name="@AfterSuite close" time="0.0">
    <ignored/>
  </testcase> <!-- @AfterSuite close -->
  <testcase classname="E2EProject.BrowseOpen" name="@AfterSuite close" time="0.0">
    <ignored/>
  </testcase> <!-- @AfterSuite close -->
  <testcase classname="E2EProject.BrowseOpen" name="@BeforeSuite open" time="0.0">
    <ignored/>
  </testcase> <!-- @BeforeSuite open -->
  <testcase classname="E2EProject.BrowseOpen" name="@BeforeSuite open" time="0.0">
    <ignored/>
  </testcase> <!-- @BeforeSuite open -->
  <testcase classname="E2EProject.BrowseOpen" name="@AfterTest flashout" time="0.0">
    <ignored/>
  </testcase> <!-- @AfterTest flashout -->
  <testcase classname="E2EProject.BrowseOpen" name="@AfterTest flashout" time="0.0">
    <ignored/>
  </testcase> <!-- @AfterTest flashout -->
  <testcase classname="E2EProject.BrowseOpen" name="@BeforeTest startup" time="0.0">
    <ignored/>
  </testcase> <!-- @BeforeTest startup -->
  <testcase classname="E2EProject.BrowseOpen" name="@BeforeTest startup" time="0.0">
    <ignored/>
  </testcase> <!-- @BeforeTest startup -->
</testsuite> <!-- Test -->
