<?xml version="1.0" encoding="UTF-8"?>
<testng-results ignored="0" total="3" passed="1" failed="2" skipped="0">
  <reporter-output>
  </reporter-output>
  <suite started-at="2022-02-13T19:22:56 IST" name="Suite" finished-at="2022-02-13T19:23:34 IST" duration-ms="38338">
    <groups>
    </groups>
    <test started-at="2022-02-13T19:22:56 IST" name="Test1" finished-at="2022-02-13T19:23:04 IST" duration-ms="8162">
      <class name="e2EProject.FilterSearchTestCase">
        <test-method is-config="true" signature="open()[pri:0, instance:e2EProject.FilterSearchTestCase@31fa1761]" started-at="2022-02-13T19:22:56 IST" name="open" finished-at="2022-02-13T19:23:04 IST" duration-ms="7665" status="PASS">
          <reporter-output>
          </reporter-output>
        </test-method> <!-- open -->
        <test-method signature="BusCount()[pri:2, instance:e2EProject.FilterSearchTestCase@31fa1761]" started-at="2022-02-13T19:23:04 IST" name="BusCount" finished-at="2022-02-13T19:23:04 IST" duration-ms="7" status="FAIL">
          <exception class="java.lang.NullPointerException">
            <message>
              <![CDATA[Cannot invoke "com.aventstack.extentreports.ExtentReports.createTest(String)" because "this.extent" is null]]>
            </message>
            <full-stacktrace>
              <![CDATA[java.lang.NullPointerException: Cannot invoke "com.aventstack.extentreports.ExtentReports.createTest(String)" because "this.extent" is null
at e2EProject.FilterSearchTestCase.BusCount(FilterSearchTestCase.java:19)
at java.base/jdk.internal.reflect.NativeMethodAccessorImpl.invoke0(Native Method)
at java.base/jdk.internal.reflect.NativeMethodAccessorImpl.invoke(NativeMethodAccessorImpl.java:77)
at java.base/jdk.internal.reflect.DelegatingMethodAccessorImpl.invoke(DelegatingMethodAccessorImpl.java:43)
at java.base/java.lang.reflect.Method.invoke(Method.java:568)
at org.testng.internal.MethodInvocationHelper.invokeMethod(MethodInvocationHelper.java:133)
at org.testng.internal.TestInvoker.invokeMethod(TestInvoker.java:598)
at org.testng.internal.TestInvoker.invokeTestMethod(TestInvoker.java:173)
at org.testng.internal.MethodRunner.runInSequence(MethodRunner.java:46)
at org.testng.internal.TestInvoker$MethodInvocationAgent.invoke(TestInvoker.java:824)
at org.testng.internal.TestInvoker.invokeTestMethods(TestInvoker.java:146)
at org.testng.internal.TestMethodWorker.invokeTestMethods(TestMethodWorker.java:146)
at org.testng.internal.TestMethodWorker.run(TestMethodWorker.java:128)
at java.base/java.util.ArrayList.forEach(ArrayList.java:1511)
at org.testng.TestRunner.privateRun(TestRunner.java:794)
at org.testng.TestRunner.run(TestRunner.java:596)
at org.testng.SuiteRunner.runTest(SuiteRunner.java:377)
at org.testng.SuiteRunner.runSequentially(SuiteRunner.java:371)
at org.testng.SuiteRunner.privateRun(SuiteRunner.java:332)
at org.testng.SuiteRunner.run(SuiteRunner.java:276)
at org.testng.SuiteRunnerWorker.runSuite(SuiteRunnerWorker.java:53)
at org.testng.SuiteRunnerWorker.run(SuiteRunnerWorker.java:96)
at org.testng.TestNG.runSuitesSequentially(TestNG.java:1212)
at org.testng.TestNG.runSuitesLocally(TestNG.java:1134)
at org.testng.TestNG.runSuites(TestNG.java:1063)
at org.testng.TestNG.run(TestNG.java:1031)
at org.testng.remote.AbstractRemoteTestNG.run(AbstractRemoteTestNG.java:115)
at org.testng.remote.RemoteTestNG.initAndRun(RemoteTestNG.java:251)
at org.testng.remote.RemoteTestNG.main(RemoteTestNG.java:77)
]]>
            </full-stacktrace>
          </exception> <!-- java.lang.NullPointerException -->
          <reporter-output>
          </reporter-output>
        </test-method> <!-- BusCount -->
        <test-method is-config="true" signature="close()[pri:0, instance:e2EProject.FilterSearchTestCase@31fa1761]" started-at="2022-02-13T19:23:04 IST" name="close" finished-at="2022-02-13T19:23:04 IST" duration-ms="434" status="PASS">
          <reporter-output>
          </reporter-output>
        </test-method> <!-- close -->
      </class> <!-- e2EProject.FilterSearchTestCase -->
    </test> <!-- Test1 -->
    <test started-at="2022-02-13T19:23:04 IST" name="test2" finished-at="2022-02-13T19:23:10 IST" duration-ms="6074">
      <class name="e2EProject.HomePageTestCase">
        <test-method is-config="true" signature="open()[pri:0, instance:e2EProject.HomePageTestCase@6e6f2380]" started-at="2022-02-13T19:23:04 IST" name="open" finished-at="2022-02-13T19:23:10 IST" duration-ms="5643" status="PASS">
          <reporter-output>
          </reporter-output>
        </test-method> <!-- open -->
        <test-method signature="pageinvok()[pri:3, instance:e2EProject.HomePageTestCase@6e6f2380]" started-at="2022-02-13T19:23:10 IST" name="pageinvok" finished-at="2022-02-13T19:23:10 IST" duration-ms="2" status="FAIL">
          <exception class="java.lang.NullPointerException">
            <message>
              <![CDATA[Cannot invoke "com.aventstack.extentreports.ExtentReports.createTest(String)" because "this.extent" is null]]>
            </message>
            <full-stacktrace>
              <![CDATA[java.lang.NullPointerException: Cannot invoke "com.aventstack.extentreports.ExtentReports.createTest(String)" because "this.extent" is null
at e2EProject.HomePageTestCase.pageinvok(HomePageTestCase.java:28)
at java.base/jdk.internal.reflect.NativeMethodAccessorImpl.invoke0(Native Method)
at java.base/jdk.internal.reflect.NativeMethodAccessorImpl.invoke(NativeMethodAccessorImpl.java:77)
at java.base/jdk.internal.reflect.DelegatingMethodAccessorImpl.invoke(DelegatingMethodAccessorImpl.java:43)
at java.base/java.lang.reflect.Method.invoke(Method.java:568)
at org.testng.internal.MethodInvocationHelper.invokeMethod(MethodInvocationHelper.java:133)
at org.testng.internal.TestInvoker.invokeMethod(TestInvoker.java:598)
at org.testng.internal.TestInvoker.invokeTestMethod(TestInvoker.java:173)
at org.testng.internal.MethodRunner.runInSequence(MethodRunner.java:46)
at org.testng.internal.TestInvoker$MethodInvocationAgent.invoke(TestInvoker.java:824)
at org.testng.internal.TestInvoker.invokeTestMethods(TestInvoker.java:146)
at org.testng.internal.TestMethodWorker.invokeTestMethods(TestMethodWorker.java:146)
at org.testng.internal.TestMethodWorker.run(TestMethodWorker.java:128)
at java.base/java.util.ArrayList.forEach(ArrayList.java:1511)
at org.testng.TestRunner.privateRun(TestRunner.java:794)
at org.testng.TestRunner.run(TestRunner.java:596)
at org.testng.SuiteRunner.runTest(SuiteRunner.java:377)
at org.testng.SuiteRunner.runSequentially(SuiteRunner.java:371)
at org.testng.SuiteRunner.privateRun(SuiteRunner.java:332)
at org.testng.SuiteRunner.run(SuiteRunner.java:276)
at org.testng.SuiteRunnerWorker.runSuite(SuiteRunnerWorker.java:53)
at org.testng.SuiteRunnerWorker.run(SuiteRunnerWorker.java:96)
at org.testng.TestNG.runSuitesSequentially(TestNG.java:1212)
at org.testng.TestNG.runSuitesLocally(TestNG.java:1134)
at org.testng.TestNG.runSuites(TestNG.java:1063)
at org.testng.TestNG.run(TestNG.java:1031)
at org.testng.remote.AbstractRemoteTestNG.run(AbstractRemoteTestNG.java:115)
at org.testng.remote.RemoteTestNG.initAndRun(RemoteTestNG.java:251)
at org.testng.remote.RemoteTestNG.main(RemoteTestNG.java:77)
]]>
            </full-stacktrace>
          </exception> <!-- java.lang.NullPointerException -->
          <reporter-output>
          </reporter-output>
        </test-method> <!-- pageinvok -->
        <test-method is-config="true" signature="close()[pri:0, instance:e2EProject.HomePageTestCase@6e6f2380]" started-at="2022-02-13T19:23:10 IST" name="close" finished-at="2022-02-13T19:23:10 IST" duration-ms="419" status="PASS">
          <reporter-output>
          </reporter-output>
        </test-method> <!-- close -->
      </class> <!-- e2EProject.HomePageTestCase -->
    </test> <!-- test2 -->
    <test started-at="2022-02-13T19:23:10 IST" name="Test3" finished-at="2022-02-13T19:23:34 IST" duration-ms="24070">
      <class name="e2EProject.BothDOJDORTestCase">
        <test-method is-config="true" signature="startup()[pri:0, instance:e2EProject.BothDOJDORTestCase@78e4deb0]" started-at="2022-02-13T19:22:56 IST" name="startup" finished-at="2022-02-13T19:22:56 IST" duration-ms="452" status="PASS">
          <reporter-output>
          </reporter-output>
        </test-method> <!-- startup -->
        <test-method is-config="true" signature="open()[pri:0, instance:e2EProject.BothDOJDORTestCase@78e4deb0]" started-at="2022-02-13T19:23:10 IST" name="open" finished-at="2022-02-13T19:23:16 IST" duration-ms="5594" status="PASS">
          <reporter-output>
          </reporter-output>
        </test-method> <!-- open -->
        <test-method signature="DOJDOR()[pri:1, instance:e2EProject.BothDOJDORTestCase@78e4deb0]" started-at="2022-02-13T19:23:16 IST" name="DOJDOR" finished-at="2022-02-13T19:23:34 IST" duration-ms="17930" status="PASS">
          <reporter-output>
          </reporter-output>
        </test-method> <!-- DOJDOR -->
        <test-method is-config="true" signature="close()[pri:0, instance:e2EProject.BothDOJDORTestCase@78e4deb0]" started-at="2022-02-13T19:23:34 IST" name="close" finished-at="2022-02-13T19:23:34 IST" duration-ms="539" status="PASS">
          <reporter-output>
          </reporter-output>
        </test-method> <!-- close -->
        <test-method is-config="true" signature="flashout()[pri:0, instance:e2EProject.BothDOJDORTestCase@78e4deb0]" started-at="2022-02-13T19:23:34 IST" name="flashout" finished-at="2022-02-13T19:23:34 IST" duration-ms="35" status="PASS">
          <reporter-output>
          </reporter-output>
        </test-method> <!-- flashout -->
      </class> <!-- e2EProject.BothDOJDORTestCase -->
    </test> <!-- Test3 -->
  </suite> <!-- Suite -->
</testng-results>
